[debug] [2019-03-23T20:17:39.866Z] ----------------------------------------------------------------------
[debug] [2019-03-23T20:17:39.868Z] Command:       /Users/chrisguy/.nvm/versions/node/v11.10.0/bin/node /Users/chrisguy/.nvm/versions/node/v11.10.0/bin/firebase functions:shell
[debug] [2019-03-23T20:17:39.868Z] CLI Version:   6.5.0
[debug] [2019-03-23T20:17:39.868Z] Platform:      darwin
[debug] [2019-03-23T20:17:39.868Z] Node Version:  v11.10.0
[debug] [2019-03-23T20:17:39.869Z] Time:          Sat Mar 23 2019 20:17:39 GMT+0000 (Greenwich Mean Time)
[debug] [2019-03-23T20:17:39.869Z] ----------------------------------------------------------------------
[debug] 
[debug] [2019-03-23T20:17:39.876Z] > command requires scopes: ["email","openid","https://www.googleapis.com/auth/cloudplatformprojects.readonly","https://www.googleapis.com/auth/firebase","https://www.googleapis.com/auth/cloud-platform"]
[debug] [2019-03-23T20:17:39.876Z] > authorizing via signed-in user
[debug] [2019-03-23T20:17:39.877Z] [iam] checking project genuis-1553116125288 for permissions ["firebase.projects.get"]
[debug] [2019-03-23T20:17:39.878Z] >>> HTTP REQUEST POST https://cloudresourcemanager.googleapis.com/v1/projects/genuis-1553116125288:testIamPermissions  

[debug] [2019-03-23T20:17:40.647Z] <<< HTTP RESPONSE 200
[info] i  functions: Preparing to emulate functions.
[debug] [2019-03-23T20:17:41.101Z] Fetching environment
[debug] [2019-03-23T20:17:41.103Z] >>> HTTP REQUEST GET https://cloudresourcemanager.googleapis.com/v1/projects/genuis-1553116125288  
 
[debug] [2019-03-23T20:17:41.879Z] <<< HTTP RESPONSE 200
[debug] [2019-03-23T20:17:41.880Z] >>> HTTP REQUEST GET https://mobilesdk-pa.googleapis.com/v1/projects/242748495554:getServerAppConfig  
 
[debug] [2019-03-23T20:17:42.119Z] <<< HTTP RESPONSE 200
[debug] [2019-03-23T20:17:42.119Z] Starting @google-cloud/functions-emulator
[debug] [2019-03-23T20:17:43.195Z] Parsing function triggers
